# JRE version: Java(TM) SE Runtime Environment (8.0_241-b07) (build 1.8.0_241-b07)
# Java VM: Java HotSpot(TM) 64-Bit Server VM (25.241-b07 mixed mode windows-amd64 compressed oops)
Heap:
 PSYoungGen      total 205824K, used 42378K [0x00000000d5d80000, 0x00000000e3980000, 0x0000000100000000)
  eden space 186368K, 22% used [0x00000000d5d80000,0x00000000d86e2948,0x00000000e1380000)
  from space 19456K, 0% used [0x00000000e1380000,0x00000000e1380000,0x00000000e2680000)
  to   space 13824K, 0% used [0x00000000e2c00000,0x00000000e2c00000,0x00000000e3980000)
 ParOldGen       total 91648K, used 17351K [0x0000000081800000, 0x0000000087180000, 0x00000000d5d80000)
  object space 91648K, 18% used [0x0000000081800000,0x00000000828f1fa0,0x0000000087180000)
 Metaspace       used 56802K, capacity 59250K, committed 59416K, reserved 1099776K
  class space    used 7846K, capacity 8284K, committed 8320K, reserved 1048576K
GC Heap History (10 events):
Event: 10.133 GC heap before
{Heap before GC invocations=11 (full 2):
 PSYoungGen      total 164352K, used 152064K [0x00000000d5d80000, 0x00000000e3000000, 0x0000000100000000)
  eden space 152064K, 100% used [0x00000000d5d80000,0x00000000df200000,0x00000000df200000)
  from space 12288K, 0% used [0x00000000dff80000,0x00000000dff80000,0x00000000e0b80000)
  to   space 13824K, 0% used [0x00000000df200000,0x00000000df200000,0x00000000dff80000)
 ParOldGen       total 91648K, used 14257K [0x0000000081800000, 0x0000000087180000, 0x00000000d5d80000)
  object space 91648K, 15% used [0x0000000081800000,0x00000000825ec4e0,0x0000000087180000)
 Metaspace       used 51114K, capacity 53354K, committed 53504K, reserved 1095680K
  class space    used 7154K, capacity 7582K, committed 7680K, reserved 1048576K
Event: 10.179 GC heap after
Heap after GC invocations=11 (full 2):
 PSYoungGen      total 165888K, used 13814K [0x00000000d5d80000, 0x00000000e3e80000, 0x0000000100000000)
  eden space 152064K, 0% used [0x00000000d5d80000,0x00000000d5d80000,0x00000000df200000)
  from space 13824K, 99% used [0x00000000df200000,0x00000000dff7db58,0x00000000dff80000)
  to   space 18944K, 0% used [0x00000000e2c00000,0x00000000e2c00000,0x00000000e3e80000)
 ParOldGen       total 91648K, used 21813K [0x0000000081800000, 0x0000000087180000, 0x00000000d5d80000)
  object space 91648K, 23% used [0x0000000081800000,0x0000000082d4d4c0,0x0000000087180000)
 Metaspace       used 51114K, capacity 53354K, committed 53504K, reserved 1095680K
  class space    used 7154K, capacity 7582K, committed 7680K, reserved 1048576K
}
Event: 1156.741 GC heap before
{Heap before GC invocations=12 (full 2):
 PSYoungGen      total 165888K, used 127177K [0x00000000d5d80000, 0x00000000e3e80000, 0x0000000100000000)
  eden space 152064K, 74% used [0x00000000d5d80000,0x00000000dcc34ae8,0x00000000df200000)
  from space 13824K, 99% used [0x00000000df200000,0x00000000dff7db58,0x00000000dff80000)
  to   space 18944K, 0% used [0x00000000e2c00000,0x00000000e2c00000,0x00000000e3e80000)
 ParOldGen       total 91648K, used 21813K [0x0000000081800000, 0x0000000087180000, 0x00000000d5d80000)
  object space 91648K, 23% used [0x0000000081800000,0x0000000082d4d4c0,0x0000000087180000)
 Metaspace       used 56715K, capacity 59056K, committed 59160K, reserved 1099776K
  class space    used 7827K, capacity 8267K, committed 8320K, reserved 1048576K
Event: 1156.797 GC heap after
Heap after GC invocations=12 (full 2):
 PSYoungGen      total 200192K, used 12480K [0x00000000d5d80000, 0x00000000e3980000, 0x0000000100000000)
  eden space 186368K, 0% used [0x00000000d5d80000,0x00000000d5d80000,0x00000000e1380000)
  from space 13824K, 90% used [0x00000000e2c00000,0x00000000e3830140,0x00000000e3980000)
  to   space 19456K, 0% used [0x00000000e1380000,0x00000000e1380000,0x00000000e2680000)
 ParOldGen       total 91648K, used 21821K [0x0000000081800000, 0x0000000087180000, 0x00000000d5d80000)
  object space 91648K, 23% used [0x0000000081800000,0x0000000082d4f4c0,0x0000000087180000)
 Metaspace       used 56715K, capacity 59056K, committed 59160K, reserved 1099776K
  class space    used 7827K, capacity 8267K, committed 8320K, reserved 1048576K
}
Event: 1156.797 GC heap before
{Heap before GC invocations=13 (full 3):
 PSYoungGen      total 200192K, used 12480K [0x00000000d5d80000, 0x00000000e3980000, 0x0000000100000000)
  eden space 186368K, 0% used [0x00000000d5d80000,0x00000000d5d80000,0x00000000e1380000)
  from space 13824K, 90% used [0x00000000e2c00000,0x00000000e3830140,0x00000000e3980000)
  to   space 19456K, 0% used [0x00000000e1380000,0x00000000e1380000,0x00000000e2680000)
 ParOldGen       total 91648K, used 21821K [0x0000000081800000, 0x0000000087180000, 0x00000000d5d80000)
  object space 91648K, 23% used [0x0000000081800000,0x0000000082d4f4c0,0x0000000087180000)
 Metaspace       used 56715K, capacity 59056K, committed 59160K, reserved 1099776K
  class space    used 7827K, capacity 8267K, committed 8320K, reserved 1048576K
Event: 1157.120 GC heap after
Heap after GC invocations=13 (full 3):
 PSYoungGen      total 200192K, used 0K [0x00000000d5d80000, 0x00000000e3980000, 0x0000000100000000)
  eden space 186368K, 0% used [0x00000000d5d80000,0x00000000d5d80000,0x00000000e1380000)
  from space 13824K, 0% used [0x00000000e2c00000,0x00000000e2c00000,0x00000000e3980000)
  to   space 19456K, 0% used [0x00000000e1380000,0x00000000e1380000,0x00000000e2680000)
 ParOldGen       total 91648K, used 21883K [0x0000000081800000, 0x0000000087180000, 0x00000000d5d80000)
  object space 91648K, 23% used [0x0000000081800000,0x0000000082d5edd0,0x0000000087180000)
 Metaspace       used 56711K, capacity 59050K, committed 59160K, reserved 1099776K
  class space    used 7826K, capacity 8266K, committed 8320K, reserved 1048576K
}
Event: 1157.463 GC heap before
{Heap before GC invocations=14 (full 3):
 PSYoungGen      total 200192K, used 9635K [0x00000000d5d80000, 0x00000000e3980000, 0x0000000100000000)
  eden space 186368K, 5% used [0x00000000d5d80000,0x00000000d66e8d00,0x00000000e1380000)
  from space 13824K, 0% used [0x00000000e2c00000,0x00000000e2c00000,0x00000000e3980000)
  to   space 19456K, 0% used [0x00000000e1380000,0x00000000e1380000,0x00000000e2680000)
 ParOldGen       total 91648K, used 21883K [0x0000000081800000, 0x0000000087180000, 0x00000000d5d80000)
  object space 91648K, 23% used [0x0000000081800000,0x0000000082d5edd0,0x0000000087180000)
 Metaspace       used 56745K, capacity 59132K, committed 59416K, reserved 1099776K
  class space    used 7838K, capacity 8274K, committed 8320K, reserved 1048576K
Event: 1157.465 GC heap after
Heap after GC invocations=14 (full 3):
 PSYoungGen      total 205824K, used 160K [0x00000000d5d80000, 0x00000000e3980000, 0x0000000100000000)
  eden space 186368K, 0% used [0x00000000d5d80000,0x00000000d5d80000,0x00000000e1380000)
  from space 19456K, 0% used [0x00000000e1380000,0x00000000e13a8000,0x00000000e2680000)
  to   space 13824K, 0% used [0x00000000e2c00000,0x00000000e2c00000,0x00000000e3980000)
 ParOldGen       total 91648K, used 21883K [0x0000000081800000, 0x0000000087180000, 0x00000000d5d80000)
  object space 91648K, 23% used [0x0000000081800000,0x0000000082d5edd0,0x0000000087180000)
 Metaspace       used 56745K, capacity 59132K, committed 59416K, reserved 1099776K
  class space    used 7838K, capacity 8274K, committed 8320K, reserved 1048576K
}
Event: 1157.465 GC heap before
{Heap before GC invocations=15 (full 4):
 PSYoungGen      total 205824K, used 160K [0x00000000d5d80000, 0x00000000e3980000, 0x0000000100000000)
  eden space 186368K, 0% used [0x00000000d5d80000,0x00000000d5d80000,0x00000000e1380000)
  from space 19456K, 0% used [0x00000000e1380000,0x00000000e13a8000,0x00000000e2680000)
  to   space 13824K, 0% used [0x00000000e2c00000,0x00000000e2c00000,0x00000000e3980000)
 ParOldGen       total 91648K, used 21883K [0x0000000081800000, 0x0000000087180000, 0x00000000d5d80000)
  object space 91648K, 23% used [0x0000000081800000,0x0000000082d5edd0,0x0000000087180000)
 Metaspace       used 56745K, capacity 59132K, committed 59416K, reserved 1099776K
  class space    used 7838K, capacity 8274K, committed 8320K, reserved 1048576K
Event: 1157.633 GC heap after
Heap after GC invocations=15 (full 4):
 PSYoungGen      total 205824K, used 0K [0x00000000d5d80000, 0x00000000e3980000, 0x0000000100000000)
  eden space 186368K, 0% used [0x00000000d5d80000,0x00000000d5d80000,0x00000000e1380000)
  from space 19456K, 0% used [0x00000000e1380000,0x00000000e1380000,0x00000000e2680000)
  to   space 13824K, 0% used [0x00000000e2c00000,0x00000000e2c00000,0x00000000e3980000)
 ParOldGen       total 91648K, used 17351K [0x0000000081800000, 0x0000000087180000, 0x00000000d5d80000)
  object space 91648K, 18% used [0x0000000081800000,0x00000000828f1fa0,0x0000000087180000)
 Metaspace       used 56745K, capacity 59132K, committed 59416K, reserved 1099776K
  class space    used 7838K, capacity 8274K, committed 8320K, reserved 1048576K
}

